{"_id":13,"level":"info","method":"GET","msg":"request","params":{},"path":"/api/omega/v1/users","referer":"","request":null,"time":"2020-01-16T20:37:14+03:00","uri":"/api/omega/v1/users","user_agent":"Paw/3.1.10 (Macintosh; OS X/10.15.2) GCDHTTPRequest"}
{"_id":null,"data_length":969,"latency":4,"level":"info","msg":"response","response":null,"status":200,"time":"2020-01-16T20:37:14+03:00"}
{"_id":14,"level":"info","method":"GET","msg":"request","params":{},"path":"/api/omega/v1/users","referer":"","request":null,"time":"2020-01-16T20:37:14+03:00","uri":"/api/omega/v1/users","user_agent":"Paw/3.1.10 (Macintosh; OS X/10.15.2) GCDHTTPRequest"}
{"_id":null,"data_length":969,"latency":3,"level":"info","msg":"response","response":null,"status":200,"time":"2020-01-16T20:37:14+03:00"}
{"level":"info","method":"GET","msg":"request","params":{},"path":"/api/omega/v1/users","referer":"","reqID":1,"request":null,"time":"2020-01-17T07:38:09+03:00","uri":"/api/omega/v1/users","user_agent":"Paw/3.1.10 (Macintosh; OS X/10.15.2) GCDHTTPRequest"}
{"data_length":51,"latency":9,"level":"info","msg":"response","resID":null,"response":null,"status":200,"time":"2020-01-17T07:38:09+03:00"}
{"level":"info","method":"POST","msg":"request","params":{},"path":"/api/omega/v1/users","referer":"","reqID":2,"request":{"name":"Ian","password":"pass123","username":"ian.saeidi"},"time":"2020-01-17T07:38:14+03:00","uri":"/api/omega/v1/users","user_agent":"Paw/3.1.10 (Macintosh; OS X/10.15.2) GCDHTTPRequest"}
{"data_length":144,"latency":67,"level":"info","msg":"response","resID":null,"response":null,"status":200,"time":"2020-01-17T07:38:15+03:00"}
{"level":"info","method":"GET","msg":"request","params":{},"path":"/api/omega/v1/users","referer":"","reqID":3,"request":null,"time":"2020-01-17T07:38:19+03:00","uri":"/api/omega/v1/users","user_agent":"Paw/3.1.10 (Macintosh; OS X/10.15.2) GCDHTTPRequest"}
{"data_length":271,"latency":6,"level":"info","msg":"response","resID":null,"response":null,"status":200,"time":"2020-01-17T07:38:19+03:00"}
{"level":"info","method":"GET","msg":"request","params":{},"path":"/api/omega/v1/users/1","referer":"","reqID":4,"request":null,"time":"2020-01-17T07:38:41+03:00","uri":"/api/omega/v1/users/1","user_agent":"Paw/3.1.10 (Macintosh; OS X/10.15.2) GCDHTTPRequest"}
{"data_length":309,"latency":4,"level":"info","msg":"response","resID":null,"response":null,"status":200,"time":"2020-01-17T07:38:41+03:00"}
{"level":"info","method":"POST","msg":"request","params":{},"path":"/api/omega/v1/users/1","referer":"","reqID":5,"request":{"name":"Iannnnn","password":"pass12345","username":"ian.saeidiiiiii"},"time":"2020-01-17T07:42:50+03:00","uri":"/api/omega/v1/users/1","user_agent":"Paw/3.1.10 (Macintosh; OS X/10.15.2) GCDHTTPRequest"}
{"data_length":-1,"latency":1,"level":"info","msg":"response","resID":null,"response":null,"status":404,"time":"2020-01-17T07:42:50+03:00"}
{"level":"info","method":"POST","msg":"request","params":{},"path":"/api/omega/v1/user/1","referer":"","reqID":6,"request":{"name":"Iannnnn","password":"pass12345","username":"ian.saeidiiiiii"},"time":"2020-01-17T07:42:59+03:00","uri":"/api/omega/v1/user/1","user_agent":"Paw/3.1.10 (Macintosh; OS X/10.15.2) GCDHTTPRequest"}
{"data_length":-1,"latency":1,"level":"info","msg":"response","resID":null,"response":null,"status":404,"time":"2020-01-17T07:42:59+03:00"}
{"level":"info","method":"POST","msg":"request","params":{},"path":"/api/omega/v1/user/1","referer":"","reqID":1,"request":{"name":"Iannnnn","password":"pass12345","username":"ian.saeidiiiiii"},"time":"2020-01-17T07:43:39+03:00","uri":"/api/omega/v1/user/1","user_agent":"Paw/3.1.10 (Macintosh; OS X/10.15.2) GCDHTTPRequest"}
{"data_length":-1,"latency":1,"level":"info","msg":"response","resID":null,"response":null,"status":404,"time":"2020-01-17T07:43:39+03:00"}
{"level":"info","method":"GET","msg":"request","params":{},"path":"/api/omega/v1/user/1","referer":"","reqID":2,"request":null,"time":"2020-01-17T07:43:52+03:00","uri":"/api/omega/v1/user/1","user_agent":"Paw/3.1.10 (Macintosh; OS X/10.15.2) GCDHTTPRequest"}
{"data_length":309,"latency":10,"level":"info","msg":"response","resID":null,"response":null,"status":200,"time":"2020-01-17T07:43:52+03:00"}
{"level":"info","method":"GET","msg":"request","params":{},"path":"/api/omega/v1/users","referer":"","reqID":3,"request":null,"time":"2020-01-17T07:43:55+03:00","uri":"/api/omega/v1/users","user_agent":"Paw/3.1.10 (Macintosh; OS X/10.15.2) GCDHTTPRequest"}
{"data_length":271,"latency":3,"level":"info","msg":"response","resID":null,"response":null,"status":200,"time":"2020-01-17T07:43:55+03:00"}
{"level":"info","method":"POST","msg":"request","params":{},"path":"/api/omega/v1/users","referer":"","reqID":4,"request":{"name":"mosleh","password":"456hjsbxs","username":"mos"},"time":"2020-01-17T07:44:12+03:00","uri":"/api/omega/v1/users","user_agent":"Paw/3.1.10 (Macintosh; OS X/10.15.2) GCDHTTPRequest"}
{"data_length":-1,"latency":1,"level":"info","msg":"response","resID":null,"response":null,"status":404,"time":"2020-01-17T07:44:12+03:00"}
{"level":"info","method":"POST","msg":"request","params":{},"path":"/api/omega/v1/user","referer":"","reqID":5,"request":{"name":"mosleh","password":"456hjsbxs","username":"mos"},"time":"2020-01-17T07:44:16+03:00","uri":"/api/omega/v1/user","user_agent":"Paw/3.1.10 (Macintosh; OS X/10.15.2) GCDHTTPRequest"}
{"data_length":144,"latency":75,"level":"info","msg":"response","resID":null,"response":null,"status":200,"time":"2020-01-17T07:44:16+03:00"}
{"level":"info","method":"GET","msg":"request","params":{},"path":"/api/omega/v1/users","referer":"","reqID":6,"request":null,"time":"2020-01-17T07:44:20+03:00","uri":"/api/omega/v1/users","user_agent":"Paw/3.1.10 (Macintosh; OS X/10.15.2) GCDHTTPRequest"}
{"data_length":488,"latency":4,"level":"info","msg":"response","resID":null,"response":null,"status":200,"time":"2020-01-17T07:44:20+03:00"}
{"level":"info","method":"GET","msg":"request","params":{},"path":"/api/omega/v1/user/2","referer":"","reqID":7,"request":null,"time":"2020-01-17T07:44:25+03:00","uri":"/api/omega/v1/user/2","user_agent":"Paw/3.1.10 (Macintosh; OS X/10.15.2) GCDHTTPRequest"}
{"data_length":305,"latency":3,"level":"info","msg":"response","resID":null,"response":null,"status":200,"time":"2020-01-17T07:44:25+03:00"}
{"level":"info","method":"PUT","msg":"request","params":{},"path":"/api/omega/v1/user/1","referer":"","reqID":8,"request":{"name":"Iannnnn","password":"pass12345","username":"ian.saeidiiiiii"},"time":"2020-01-17T07:44:36+03:00","uri":"/api/omega/v1/user/1","user_agent":"Paw/3.1.10 (Macintosh; OS X/10.15.2) GCDHTTPRequest"}
{"data_length":150,"latency":80,"level":"info","msg":"response","resID":null,"response":null,"status":200,"time":"2020-01-17T07:44:36+03:00"}
{"level":"info","method":"GET","msg":"request","params":{},"path":"/api/omega/v1/users","referer":"","reqID":9,"request":null,"time":"2020-01-17T07:44:46+03:00","uri":"/api/omega/v1/users","user_agent":"Paw/3.1.10 (Macintosh; OS X/10.15.2) GCDHTTPRequest"}
{"data_length":488,"latency":4,"level":"info","msg":"response","resID":null,"response":null,"status":200,"time":"2020-01-17T07:44:46+03:00"}
{"level":"info","method":"GET","msg":"request","params":{},"path":"/api/omega/v1/user/1","referer":"","reqID":10,"request":null,"time":"2020-01-17T07:45:03+03:00","uri":"/api/omega/v1/user/1","user_agent":"Paw/3.1.10 (Macintosh; OS X/10.15.2) GCDHTTPRequest"}
{"data_length":309,"latency":3,"level":"info","msg":"response","resID":null,"response":null,"status":200,"time":"2020-01-17T07:45:03+03:00"}
{"level":"info","method":"PUT","msg":"request","params":{},"path":"/api/omega/v1/user/1","referer":"","reqID":1,"request":{"name":"Iannnnn","password":"pass12345","username":"ian.saeidiiiiii"},"time":"2020-01-17T07:51:02+03:00","uri":"/api/omega/v1/user/1","user_agent":"Paw/3.1.10 (Macintosh; OS X/10.15.2) GCDHTTPRequest"}
{"data_length":201,"latency":70,"level":"info","msg":"response","resID":null,"response":null,"status":200,"time":"2020-01-17T07:51:02+03:00"}
{"level":"info","method":"PUT","msg":"request","params":{},"path":"/api/omega/v1/user/1111","referer":"","reqID":2,"request":{"name":"Iannnnn","password":"pass12345","username":"ian.saeidiiiiii"},"time":"2020-01-17T07:52:01+03:00","uri":"/api/omega/v1/user/1111","user_agent":"Paw/3.1.10 (Macintosh; OS X/10.15.2) GCDHTTPRequest"}
{"data_length":164,"latency":66,"level":"info","msg":"response","resID":null,"response":null,"status":200,"time":"2020-01-17T07:52:01+03:00"}
{"level":"info","method":"PUT","msg":"request","params":{},"path":"/api/omega/v1/user/1","referer":"","reqID":3,"request":{"name":"Iannnnn","password":"pass12345","username":"ian.saeidiiiiii"},"time":"2020-01-17T07:52:15+03:00","uri":"/api/omega/v1/user/1","user_agent":"Paw/3.1.10 (Macintosh; OS X/10.15.2) GCDHTTPRequest"}
{"data_length":201,"latency":71,"level":"info","msg":"response","resID":null,"response":null,"status":200,"time":"2020-01-17T07:52:16+03:00"}
{"level":"info","method":"PUT","msg":"request","params":{},"path":"/api/omega/v1/user/12222","referer":"","reqID":1,"request":{"name":"Iannnnn","password":"pass12345","username":"ian.saeidiiiiii"},"time":"2020-01-17T07:53:35+03:00","uri":"/api/omega/v1/user/12222","user_agent":"Paw/3.1.10 (Macintosh; OS X/10.15.2) GCDHTTPRequest"}
{"data_length":164,"latency":73,"level":"info","msg":"response","resID":null,"response":null,"status":200,"time":"2020-01-17T07:53:35+03:00"}
{"level":"info","method":"PUT","msg":"request","params":{},"path":"/api/omega/v1/user/12222","referer":"","reqID":1,"request":{"name":"Iannnnn","password":"pass12345","username":"ian.saeidiiiiii"},"time":"2020-01-17T07:54:53+03:00","uri":"/api/omega/v1/user/12222","user_agent":"Paw/3.1.10 (Macintosh; OS X/10.15.2) GCDHTTPRequest"}
{"data_length":164,"latency":75,"level":"info","msg":"response","resID":null,"response":null,"status":200,"time":"2020-01-17T07:54:53+03:00"}
{"level":"info","method":"PUT","msg":"request","params":{},"path":"/api/omega/v1/user/12222","referer":"","reqID":1,"request":{"name":"Iannnnn","password":"pass12345","username":"ian.saeidiiiiii"},"time":"2020-01-17T07:55:48+03:00","uri":"/api/omega/v1/user/12222","user_agent":"Paw/3.1.10 (Macintosh; OS X/10.15.2) GCDHTTPRequest"}
{"data_length":66,"latency":6,"level":"info","msg":"response","resID":null,"response":null,"status":400,"time":"2020-01-17T07:55:48+03:00"}
{"level":"info","method":"PUT","msg":"request","params":{},"path":"/api/omega/v1/user/12222","referer":"","reqID":1,"request":{"name":"Iannnnn","password":"pass12345","username":"ian.saeidiiiiii"},"time":"2020-01-17T07:59:22+03:00","uri":"/api/omega/v1/user/12222","user_agent":"Paw/3.1.10 (Macintosh; OS X/10.15.2) GCDHTTPRequest"}
{"data_length":68,"latency":8,"level":"info","msg":"response","resID":null,"response":null,"status":400,"time":"2020-01-17T07:59:22+03:00"}
{"level":"info","method":"PUT","msg":"request","params":{},"path":"/api/omega/v1/user/1","referer":"","reqID":2,"request":{"name":"Iannnnn","password":"pass12345","username":"ian.saeidiiiiii"},"time":"2020-01-17T07:59:51+03:00","uri":"/api/omega/v1/user/1","user_agent":"Paw/3.1.10 (Macintosh; OS X/10.15.2) GCDHTTPRequest"}
{"data_length":210,"latency":71,"level":"info","msg":"response","resID":null,"response":null,"status":200,"time":"2020-01-17T07:59:51+03:00"}
{"level":"info","method":"GET","msg":"request","params":{},"path":"/api/omega/v1/user/1","referer":"","reqID":3,"request":null,"time":"2020-01-17T07:59:57+03:00","uri":"/api/omega/v1/user/1","user_agent":"Paw/3.1.10 (Macintosh; OS X/10.15.2) GCDHTTPRequest"}
{"data_length":309,"latency":4,"level":"info","msg":"response","resID":null,"response":null,"status":200,"time":"2020-01-17T07:59:57+03:00"}
{"level":"info","method":"GET","msg":"request","params":{},"path":"/api/omega/v1/users","referer":"","reqID":4,"request":null,"time":"2020-01-17T08:00:07+03:00","uri":"/api/omega/v1/users","user_agent":"Paw/3.1.10 (Macintosh; OS X/10.15.2) GCDHTTPRequest"}
{"data_length":1270,"latency":7,"level":"info","msg":"response","resID":null,"response":null,"status":200,"time":"2020-01-17T08:00:07+03:00"}
{"level":"info","method":"PUT","msg":"request","params":{},"path":"/api/omega/v1/user/1","referer":"","reqID":1,"request":{"name":"Iannnnn","password":"pass12345","username":"ian.saeidiiiiii"},"time":"2020-01-17T08:14:39+03:00","uri":"/api/omega/v1/user/1","user_agent":"Paw/3.1.10 (Macintosh; OS X/10.15.2) GCDHTTPRequest"}
{"data_length":227,"latency":76,"level":"info","msg":"response","resID":null,"response":null,"status":200,"time":"2020-01-17T08:14:39+03:00"}
{"level":"info","method":"PUT","msg":"request","params":{},"path":"/api/omega/v1/user/1","referer":"","reqID":1,"request":{"name":"Iannnnn","password":"pass12345","username":"ian.saeidiiiiii"},"time":"2020-01-17T08:16:37+03:00","uri":"/api/omega/v1/user/1","user_agent":"Paw/3.1.10 (Macintosh; OS X/10.15.2) GCDHTTPRequest"}
{"data_length":227,"latency":75,"level":"info","msg":"response","resID":null,"response":null,"status":200,"time":"2020-01-17T08:16:37+03:00"}
{"level":"info","method":"GET","msg":"request","params":{},"path":"/api/omega/v1/user/1","referer":"","reqID":2,"request":null,"time":"2020-01-17T08:16:44+03:00","uri":"/api/omega/v1/user/1","user_agent":"Paw/3.1.10 (Macintosh; OS X/10.15.2) GCDHTTPRequest"}
{"data_length":318,"latency":5,"level":"info","msg":"response","resID":null,"response":null,"status":200,"time":"2020-01-17T08:16:44+03:00"}
{"level":"info","method":"GET","msg":"request","params":{},"path":"/api/omega/v1/users","referer":"","reqID":3,"request":null,"time":"2020-01-17T08:17:54+03:00","uri":"/api/omega/v1/users","user_agent":"Paw/3.1.10 (Macintosh; OS X/10.15.2) GCDHTTPRequest"}
{"data_length":1509,"latency":6,"level":"info","msg":"response","resID":null,"response":null,"status":200,"time":"2020-01-17T08:17:54+03:00"}
{"level":"info","method":"PUT","msg":"request","params":{},"path":"/api/omega/v1/user/13343","referer":"","reqID":4,"request":{"name":"Iannnnn","password":"pass12345","username":"ian.saeidiiiiii"},"time":"2020-01-17T08:18:24+03:00","uri":"/api/omega/v1/user/13343","user_agent":"Paw/3.1.10 (Macintosh; OS X/10.15.2) GCDHTTPRequest"}
{"data_length":68,"latency":3,"level":"info","msg":"response","resID":null,"response":null,"status":400,"time":"2020-01-17T08:18:24+03:00"}
{"level":"info","method":"PUT","msg":"request","params":{},"path":"/api/omega/v1/user/13343","referer":"","reqID":1,"request":{"name":"Iannnnn","password":"pass12345","username":"ian.saeidiiiiii"},"time":"2020-01-17T08:24:35+03:00","uri":"/api/omega/v1/user/13343","user_agent":"Paw/3.1.10 (Macintosh; OS X/10.15.2) GCDHTTPRequest"}
{"data_length":68,"latency":8,"level":"info","msg":"response","resID":null,"response":null,"status":400,"time":"2020-01-17T08:24:35+03:00"}
{"level":"info","method":"PUT","msg":"request","params":{},"path":"/api/omega/v1/user/13343","referer":"","reqID":1,"request":{"name":"Iannnnn","password":"pass12345","username":"ian.saeidiiiiii"},"time":"2020-01-17T08:25:38+03:00","uri":"/api/omega/v1/user/13343","user_agent":"Paw/3.1.10 (Macintosh; OS X/10.15.2) GCDHTTPRequest"}
{"data_length":68,"latency":8,"level":"info","msg":"response","resID":1,"response":{"code":1400,"data":"","message":"record not found","status":false},"status":400,"time":"2020-01-17T08:25:38+03:00"}
{"level":"info","method":"PUT","msg":"request","params":{},"path":"/api/omega/v1/user/13343","referer":"","reqID":2,"request":{"name":"Iannnnn","password":"pass12345","username":"ian.saeidiiiiii"},"time":"2020-01-17T08:26:27+03:00","uri":"/api/omega/v1/user/13343","user_agent":"Paw/3.1.10 (Macintosh; OS X/10.15.2) GCDHTTPRequest"}
{"data_length":68,"latency":5,"level":"info","msg":"response","resID":2,"response":{"code":1400,"data":"","message":"record not found","status":false},"status":400,"time":"2020-01-17T08:26:27+03:00"}
{"level":"info","method":"PUT","msg":"request","params":{},"path":"/api/omega/v1/user/2","referer":"","reqID":3,"request":{"name":"mos","username":"m00zi"},"time":"2020-01-17T08:27:30+03:00","uri":"/api/omega/v1/user/2","user_agent":"Paw/3.1.10 (Macintosh; OS X/10.15.2) GCDHTTPRequest"}
{"data_length":212,"latency":71,"level":"info","msg":"response","resID":3,"response":{"count":200,"data":{"CreatedAt":"2020-01-17T04:44:16.734096Z","DeletedAt":null,"ID":2,"UpdatedAt":"2020-01-17T05:27:30.45251Z","name":"mos","password":"***","username":"m00zi"},"message":"\u0002","status":true},"status":200,"time":"2020-01-17T08:27:30+03:00"}
{"level":"info","method":"GET","msg":"request","params":{},"path":"/api/omega/v1/user/1","referer":"","reqID":4,"request":null,"time":"2020-01-17T08:27:39+03:00","uri":"/api/omega/v1/user/1","user_agent":"Paw/3.1.10 (Macintosh; OS X/10.15.2) GCDHTTPRequest"}
{"data_length":318,"latency":4,"level":"info","msg":"response","resID":4,"response":{"count":200,"data":{"CreatedAt":"2020-01-17T04:38:15.027332Z","DeletedAt":null,"ID":1,"UpdatedAt":"2020-01-17T05:16:37.743585Z","extra":{"LastVisit":"2019","Mark":-15},"name":"Iannnnn","password":"$2a$10$g4B4gIJnwEPWJogLWQ5sWOvAjSPb5vmYBDIfz24PpygbsfVIF2zm.","username":"ian.saeidiiiiii"},"message":"","status":true},"status":200,"time":"2020-01-17T08:27:39+03:00"}
{"level":"info","method":"GET","msg":"request","params":{},"path":"/api/omega/v1/user/2","referer":"","reqID":5,"request":null,"time":"2020-01-17T08:27:42+03:00","uri":"/api/omega/v1/user/2","user_agent":"Paw/3.1.10 (Macintosh; OS X/10.15.2) GCDHTTPRequest"}
{"data_length":303,"latency":4,"level":"info","msg":"response","resID":5,"response":{"count":200,"data":{"CreatedAt":"2020-01-17T04:44:16.734096Z","DeletedAt":null,"ID":2,"UpdatedAt":"2020-01-17T05:27:30.45251Z","extra":{"LastVisit":"2019","Mark":-15},"name":"mos","password":"$2a$10$fSBu9h9paoh4ip9huJtn9.t8mxZ8L6/ZGCVuoCHMlRePp0ykbmUB6","username":"m00zi"},"message":"","status":true},"status":200,"time":"2020-01-17T08:27:42+03:00"}
{"level":"info","method":"GET","msg":"request","params":{},"path":"/api/omega/v1/user/1","referer":"","reqID":1,"request":null,"time":"2020-01-17T09:30:31+03:00","uri":"/api/omega/v1/user/1","user_agent":"Paw/3.1.10 (Macintosh; OS X/10.15.2) GCDHTTPRequest"}
{"data_length":318,"latency":8,"level":"info","msg":"response","resID":1,"response":{"count":200,"data":{"CreatedAt":"2020-01-17T04:38:15.027332Z","DeletedAt":null,"ID":1,"UpdatedAt":"2020-01-17T05:16:37.743585Z","extra":{"LastVisit":"2019","Mark":-15},"name":"Iannnnn","password":"$2a$10$g4B4gIJnwEPWJogLWQ5sWOvAjSPb5vmYBDIfz24PpygbsfVIF2zm.","username":"ian.saeidiiiiii"},"message":"","status":true},"status":200,"time":"2020-01-17T09:30:31+03:00"}
