time="2020-01-16T11:04:35+03:00" level=info msg="Server Started!" file="server/server.go:15"
time="2020-01-16T11:05:11+03:00" level=info msg="Server Started!" file="server/server.go:15"
time="2020-01-16T11:05:13+03:00" level=debug msg="user.User :: {Model:{ID:11 CreatedAt:2020-01-16 11:05:14 +0300 +03 UpdatedAt:2020-01-16 11:05:14 +0300 +03 DeletedAt:<nil>} Name: Username:holy-sunset Password:$2a$10$dcmbo4ACyAJ8QRf6WDJ5QONw8Pwb19oORurYvK/1DyuB/0sEDNcia Extra:<nil>}" file="user/service.go:30"
time="2020-01-16T11:05:58+03:00" level=info msg="Server Started!" file="server/server.go:15"
time="2020-01-16T11:06:04+03:00" level=info msg="{{12 2020-01-16 11:06:04 +0300 +03 2020-01-16 11:06:04 +0300 +03 <nil>}  little-rain $2a$10$.W8/Qd96o47T45oyqeCdSuVQ2ZOEyIe7i5d.LtK4IWuiigq9ry.xe <nil>}" file="user/service.go:30"
time="2020-01-16T11:06:21+03:00" level=info msg="Server Started!" file="server/server.go:15"
time="2020-01-16T11:06:24+03:00" level=fatal msg="{{13 2020-01-16 11:06:24 +0300 +03 2020-01-16 11:06:24 +0300 +03 <nil>}  throbbing-sunset $2a$10$0jKH8xKlAl50F5EF9m/Nze68ccHbIpJ7nxneHPvj/c2o0riMCROhy <nil>}" file="user/service.go:30"
time="2020-01-16T11:06:34+03:00" level=info msg="Server Started!" file="server/server.go:15"
time="2020-01-16T11:06:52+03:00" level=warning msg="{{14 2020-01-16 11:06:52 +0300 +03 2020-01-16 11:06:52 +0300 +03 <nil>}  fragrant-resonance $2a$10$93AeRipnV0D44aSr/ijvUe6A5gNfDg5HUpjuMalZU96ZlxNmfVTga <nil>}" file="user/service.go:30"
time="2020-01-16T11:07:47+03:00" level=info msg="Server Started!" file="server/server.go:15"
time="2020-01-16T11:07:52+03:00" level=warning msg="{{15 2020-01-16 11:07:52 +0300 +03 2020-01-16 11:07:52 +0300 +03 <nil>}  red-resonance $2a$10$KeB19tJGZVFe77orLBpBCuSsgoEmR2L5VpDcJBJkmq74BZOUoTGeG <nil>}" file="user/service.go:30"
time="2020-01-16T11:08:06+03:00" level=info msg="Server Started!" file="server/server.go:15"
time="2020-01-16T11:08:10+03:00" level=warning msg="{{16 2020-01-16 11:08:11 +0300 +03 2020-01-16 11:08:11 +0300 +03 <nil>}  falling-morning $2a$10$o34DnBwqWkAOjc/Op07mcukLvzRC8zQRIMIWv1jgGt8FrcEjQbQcS <nil>}" file="user/service.go:30"
time="2020-01-16T11:08:15+03:00" level=warning msg="{{17 2020-01-16 11:08:16 +0300 +03 2020-01-16 11:08:16 +0300 +03 <nil>}  green-meadow $2a$10$XevbEuAS0rwmEqAg10SviOxIsd.bL4K8M7siXI3ex6614WTlP1IVK <nil>}" file="user/service.go:30"
time="2020-01-16T11:08:54+03:00" level=info msg="Server Started!" file="server/server.go:15"
time="2020-01-16T11:09:03+03:00" level=error msg="{{18 2020-01-16 11:09:04 +0300 +03 2020-01-16 11:09:04 +0300 +03 <nil>}  floral-pond $2a$10$0Z/Lxssi/s925VIk9hdoOOLJLRly.zSzY3yhVQpgv.qBWt.S36tg6 <nil>}" file="user/service.go:30"
time="2020-01-16T11:09:41+03:00" level=info msg="Server Started!" file="server/server.go:15"
time="2020-01-16T11:10:07+03:00" level=info msg="Server Started!" file="server/server.go:15"
time="2020-01-16T11:10:13+03:00" level=info msg="Server Started!" file="server/server.go:15"
time="2020-01-16T11:10:18+03:00" level=error msg="{{19 2020-01-16 11:10:18 +0300 +03 2020-01-16 11:10:18 +0300 +03 <nil>}  autumn-meadow $2a$10$.qs9lkPjOeZPVCDEEYiRkuWNi2q4AnunpOt12vk6D5RwjGJvPWCHS <nil>}" file="user/service.go:30"
time="2020-01-16T11:10:46+03:00" level=info msg="Server Started!" file="server/server.go:15"
time="2020-01-16T11:10:48+03:00" level=error msg="{{20 2020-01-16 11:10:49 +0300 +03 2020-01-16 11:10:49 +0300 +03 <nil>}  quiet-sound $2a$10$tEpK.nQ0avAWbI2dtk6coOaQG6iIASAAFX2PR6MnXfh8F6URFNtOS <nil>}" file="user/service.go:30"
time="2020-01-16T11:10:48+03:00" level=error msg="user.User :: {Model:{ID:20 CreatedAt:2020-01-16 11:10:49 +0300 +03 UpdatedAt:2020-01-16 11:10:49 +0300 +03 DeletedAt:<nil>} Name: Username:quiet-sound Password:$2a$10$tEpK.nQ0avAWbI2dtk6coOaQG6iIASAAFX2PR6MnXfh8F6URFNtOS Extra:<nil>}" file="user/service.go:31"
time="2020-01-16T11:11:57+03:00" level=info msg="Server Started!" file="server/server.go:15"
time="2020-01-16T11:12:33+03:00" level=info msg="Server Started!" file="server/server.go:15"
time="2020-01-16T11:12:46+03:00" level=info msg="Server Started!" file="server/server.go:15"
time="2020-01-16T11:13:35+03:00" level=info msg="Server Started!" file="server/server.go:15"
time="2020-01-16T11:13:39+03:00" level=info msg="Server Started!" file="server/server.go:15"
time="2020-01-16T11:18:14+03:00" level=info msg="Server Started!" file="server/server.go:15"
time="2020-01-16T11:18:20+03:00" level=info msg="Server Started!" file="server/server.go:15"
time="2020-01-16T11:19:00+03:00" level=info msg="Server Started!" file="server/server.go:15"
time="2020-01-16T11:19:04+03:00" level=info msg="Server Started!" file="server/server.go:15"
time="2020-01-16T11:19:11+03:00" level=info msg="Server Started!" file="server/server.go:15"
time="2020-01-16T11:19:27+03:00" level=info msg="Server Started!" file="server/server.go:15"
time="2020-01-16T11:19:44+03:00" level=info msg="Server Started!" file="server/server.go:15"
time="2020-01-16T11:21:16+03:00" level=info msg="Server Started!" file="server/server.go:15"
time="2020-01-16T11:21:49+03:00" level=info msg="Server Started!" file="server/server.go:15"
time="2020-01-16T11:22:19+03:00" level=info msg="Server Started!" file="server/server.go:15"
time="2020-01-16T11:22:24+03:00" level=info msg="Server Started!" file="server/server.go:15"
time="2020-01-16T11:22:57+03:00" level=info msg="Server Started!" file="server/server.go:15"
time="2020-01-16T11:23:23+03:00" level=info msg="Server Started!" file="server/server.go:15"
time="2020-01-16T11:23:34+03:00" level=info msg="Server Started!" file="server/server.go:15"
time="2020-01-16T11:23:40+03:00" level=info msg="Server Started!" file="server/server.go:15"
time="2020-01-16T11:23:47+03:00" level=info msg="Server Started!" file="server/server.go:15"
time="2020-01-16T11:27:12+03:00" level=info msg="Server Started!" file="server/server.go:15"
time="2020-01-16T11:27:33+03:00" level=info msg="Server Started!" file="server/server.go:15"
time="2020-01-16T11:28:24+03:00" level=info msg="Server Started!" file="server/server.go:15"
time="2020-01-16T12:59:52+03:00" level=info msg="Server Started!" file="server/server.go:15"
time="2020-01-16T13:02:45+03:00" level=info msg="Server Started!" file="server/server.go:15"
time="2020-01-16T13:27:32+03:00" level=info msg="Server Started!" file="server/server.go:15"
