{
  "file": "omega/main.go:17",
  "level": "info",
  "msg": "Starting Server...",
  "time": "2020-01-20T14:34:25+03:00"
}
{
  "file": "omega/main.go:17",
  "level": "info",
  "msg": "Starting Server...",
  "time": "2020-01-20T14:34:42+03:00"
}
{
  "file": "omega/main.go:17",
  "level": "info",
  "msg": "Starting Server...",
  "time": "2020-01-20T14:34:57+03:00"
}
{
  "file": "omega/main.go:17",
  "level": "info",
  "msg": "Starting Server...",
  "time": "2020-01-20T14:35:33+03:00"
}
{
  "file": "omega/main.go:17",
  "level": "info",
  "msg": "Starting Server...",
  "time": "2020-01-20T14:36:23+03:00"
}
{
  "file": "omega/main.go:17",
  "level": "info",
  "msg": "Starting Server...",
  "time": "2020-01-20T14:37:02+03:00"
}
{
  "file": "omega/main.go:17",
  "level": "info",
  "msg": "Starting Server...",
  "time": "2020-01-20T14:37:27+03:00"
}
{
  "file": "omega/main.go:17",
  "level": "info",
  "msg": "Starting Server...",
  "time": "2020-01-20T14:39:37+03:00"
}
{
  "file": "omega/main.go:17",
  "level": "info",
  "msg": "Starting Server...",
  "time": "2020-01-20T14:39:49+03:00"
}
{
  "file": "omega/main.go:17",
  "level": "info",
  "msg": "Starting Server...",
  "time": "2020-01-20T14:40:29+03:00"
}
{
  "file": "omega/main.go:17",
  "level": "info",
  "msg": "Starting Server...",
  "time": "2020-01-20T14:40:38+03:00"
}
{
  "file": "omega/main.go:17",
  "level": "info",
  "msg": "Starting Server...",
  "time": "2020-01-20T14:40:52+03:00"
}
{
  "file": "omega/main.go:17",
  "level": "info",
  "msg": "Starting Server...",
  "time": "2020-01-20T14:41:04+03:00"
}
{
  "file": "omega/main.go:17",
  "level": "info",
  "msg": "Starting Server...",
  "time": "2020-01-20T15:27:36+03:00"
}
{
  "file": "omega/main.go:17",
  "level": "info",
  "msg": "Starting Server...",
  "time": "2020-01-20T15:28:51+03:00"
}
{
  "file": "omega/main.go:17",
  "level": "info",
  "msg": "Starting Server...",
  "time": "2020-01-20T15:29:27+03:00"
}
{
  "file": "omega/main.go:17",
  "level": "info",
  "msg": "Starting Server...",
  "time": "2020-01-20T15:33:42+03:00"
}
{
  "file": "omega/main.go:17",
  "level": "info",
  "msg": "Starting Server...",
  "time": "2020-01-20T15:34:09+03:00"
}
{
  "file": "omega/main.go:17",
  "level": "info",
  "msg": "Starting Server...",
  "time": "2020-01-20T15:34:17+03:00"
}
{
  "file": "omega/main.go:17",
  "level": "info",
  "msg": "Starting Server...",
  "time": "2020-01-20T15:34:49+03:00"
}
{
  "file": "omega/main.go:17",
  "level": "info",
  "msg": "Starting Server...",
  "time": "2020-01-20T15:35:50+03:00"
}
{
  "file": "omega/main.go:17",
  "level": "info",
  "msg": "Starting Server...",
  "time": "2020-01-20T15:44:29+03:00"
}
{
  "file": "omega/main.go:17",
  "level": "info",
  "msg": "Starting Server...",
  "time": "2020-01-20T16:02:31+03:00"
}
{
  "file": "omega/main.go:17",
  "level": "info",
  "msg": "Starting Server...",
  "time": "2020-01-20T16:03:13+03:00"
}
{
  "file": "omega/main.go:17",
  "level": "info",
  "msg": "Starting Server...",
  "time": "2020-01-20T16:03:26+03:00"
}
{
  "file": "omega/main.go:17",
  "level": "info",
  "msg": "Starting Server...",
  "time": "2020-01-20T16:03:35+03:00"
}
{
  "file": "omega/main.go:17",
  "level": "info",
  "msg": "Starting Server...",
  "time": "2020-01-20T16:06:02+03:00"
}
{
  "file": "omega/main.go:17",
  "level": "info",
  "msg": "Starting Server...",
  "time": "2020-01-20T16:06:06+03:00"
}
{
  "file": "omega/main.go:17",
  "level": "info",
  "msg": "Starting Server...",
  "time": "2020-01-20T16:06:16+03:00"
}
{
  "file": "omega/main.go:17",
  "level": "info",
  "msg": "Starting Server...",
  "time": "2020-01-20T16:07:39+03:00"
}
{
  "file": "omega/main.go:17",
  "level": "info",
  "msg": "Starting Server...",
  "time": "2020-01-20T16:08:21+03:00"
}
{
  "file": "omega/main.go:17",
  "level": "info",
  "msg": "Starting Server...",
  "time": "2020-01-20T16:09:00+03:00"
}
{
  "file": "omega/main.go:17",
  "level": "info",
  "msg": "Starting Server...",
  "time": "2020-01-20T16:09:05+03:00"
}
{
  "file": "omega/main.go:17",
  "level": "info",
  "msg": "Starting Server...",
  "time": "2020-01-20T16:13:52+03:00"
}
{
  "file": "omega/main.go:17",
  "level": "info",
  "msg": "Starting Server...",
  "time": "2020-01-20T16:14:18+03:00"
}
{
  "file": "omega/main.go:17",
  "level": "info",
  "msg": "Starting Server...",
  "time": "2020-01-20T16:15:04+03:00"
}
{
  "file": "omega/main.go:17",
  "level": "info",
  "msg": "Starting Server...",
  "time": "2020-01-20T16:24:02+03:00"
}
{
  "file": "omega/main.go:17",
  "level": "info",
  "msg": "Starting Server...",
  "time": "2020-01-20T16:24:28+03:00"
}
